F:\PROJECTS_GIT\AIRDISPLAY\AIRDISPREMOTE\T5-NEITH\DUILIB\DEBUG\CASEMANAGER.OBJ
F:\Projects_Git\AirDisplay\AirDispRemote\t5-neith\duilib\Debug\cl.command.1.tlog
F:\Projects_Git\AirDisplay\AirDispRemote\t5-neith\duilib\Debug\CL.read.1.tlog
F:\Projects_Git\AirDisplay\AirDispRemote\t5-neith\duilib\Debug\CL.write.1.tlog
F:\PROJECTS_GIT\AIRDISPLAY\AIRDISPREMOTE\T5-NEITH\DUILIB\DEBUG\DRAGCONTROLLER.OBJ
F:\PROJECTS_GIT\AIRDISPLAY\AIRDISPREMOTE\T5-NEITH\DUILIB\DEBUG\DRAGDATAMGR.OBJ
F:\PROJECTS_GIT\AIRDISPLAY\AIRDISPREMOTE\T5-NEITH\DUILIB\DEBUG\DRAGINTERFACE.OBJ
F:\PROJECTS_GIT\AIRDISPLAY\AIRDISPREMOTE\T5-NEITH\DUILIB\DEBUG\DUIDRAG.OBJ
F:\PROJECTS_GIT\AIRDISPLAY\AIRDISPREMOTE\T5-NEITH\DUILIB\DEBUG\DUILIB.PCH
F:\Projects_Git\AirDisplay\AirDispRemote\t5-neith\duilib\Debug\DuiLib.write.1.tlog
F:\PROJECTS_GIT\AIRDISPLAY\AIRDISPREMOTE\T5-NEITH\DUILIB\DEBUG\GIFIMAGE.OBJ
F:\PROJECTS_GIT\AIRDISPLAY\AIRDISPREMOTE\T5-NEITH\DUILIB\DEBUG\STDAFX.OBJ
F:\PROJECTS_GIT\AIRDISPLAY\AIRDISPREMOTE\T5-NEITH\DUILIB\DEBUG\UIACTIVEX.OBJ
F:\PROJECTS_GIT\AIRDISPLAY\AIRDISPREMOTE\T5-NEITH\DUILIB\DEBUG\UIBASE.OBJ
F:\PROJECTS_GIT\AIRDISPLAY\AIRDISPREMOTE\T5-NEITH\DUILIB\DEBUG\UIBUTTON.OBJ
F:\PROJECTS_GIT\AIRDISPLAY\AIRDISPREMOTE\T5-NEITH\DUILIB\DEBUG\UICHECKBOX.OBJ
F:\PROJECTS_GIT\AIRDISPLAY\AIRDISPREMOTE\T5-NEITH\DUILIB\DEBUG\UICHILDLAYOUT.OBJ
F:\PROJECTS_GIT\AIRDISPLAY\AIRDISPREMOTE\T5-NEITH\DUILIB\DEBUG\UICOMBO.OBJ
F:\PROJECTS_GIT\AIRDISPLAY\AIRDISPREMOTE\T5-NEITH\DUILIB\DEBUG\UICOMBOBOX.OBJ
F:\PROJECTS_GIT\AIRDISPLAY\AIRDISPREMOTE\T5-NEITH\DUILIB\DEBUG\UICONTAINER.OBJ
F:\PROJECTS_GIT\AIRDISPLAY\AIRDISPREMOTE\T5-NEITH\DUILIB\DEBUG\UICONTROL.OBJ
F:\PROJECTS_GIT\AIRDISPLAY\AIRDISPREMOTE\T5-NEITH\DUILIB\DEBUG\UIDATETIME.OBJ
F:\PROJECTS_GIT\AIRDISPLAY\AIRDISPREMOTE\T5-NEITH\DUILIB\DEBUG\UIDELEGATE.OBJ
F:\PROJECTS_GIT\AIRDISPLAY\AIRDISPREMOTE\T5-NEITH\DUILIB\DEBUG\UIDLGBUILDER.OBJ
F:\PROJECTS_GIT\AIRDISPLAY\AIRDISPREMOTE\T5-NEITH\DUILIB\DEBUG\UIDRAGWND.OBJ
F:\PROJECTS_GIT\AIRDISPLAY\AIRDISPREMOTE\T5-NEITH\DUILIB\DEBUG\UIGIF.OBJ
F:\PROJECTS_GIT\AIRDISPLAY\AIRDISPREMOTE\T5-NEITH\DUILIB\DEBUG\UIHORIZONTALLAYOUT.OBJ
F:\PROJECTS_GIT\AIRDISPLAY\AIRDISPREMOTE\T5-NEITH\DUILIB\DEBUG\UILABEL.OBJ
F:\PROJECTS_GIT\AIRDISPLAY\AIRDISPREMOTE\T5-NEITH\DUILIB\DEBUG\UILETTERINDEX.OBJ
F:\PROJECTS_GIT\AIRDISPLAY\AIRDISPREMOTE\T5-NEITH\DUILIB\DEBUG\UILIB.OBJ
F:\PROJECTS_GIT\AIRDISPLAY\AIRDISPREMOTE\T5-NEITH\DUILIB\DEBUG\UILIST.OBJ
F:\PROJECTS_GIT\AIRDISPLAY\AIRDISPREMOTE\T5-NEITH\DUILIB\DEBUG\UIMARKUP.OBJ
F:\PROJECTS_GIT\AIRDISPLAY\AIRDISPREMOTE\T5-NEITH\DUILIB\DEBUG\UIOPTION.OBJ
F:\PROJECTS_GIT\AIRDISPLAY\AIRDISPREMOTE\T5-NEITH\DUILIB\DEBUG\UIPROGRESS.OBJ
F:\PROJECTS_GIT\AIRDISPLAY\AIRDISPREMOTE\T5-NEITH\DUILIB\DEBUG\UIRENDER.OBJ
F:\PROJECTS_GIT\AIRDISPLAY\AIRDISPREMOTE\T5-NEITH\DUILIB\DEBUG\UIRICHEDIT.OBJ
F:\PROJECTS_GIT\AIRDISPLAY\AIRDISPREMOTE\T5-NEITH\DUILIB\DEBUG\UISCROLLBAR.OBJ
F:\PROJECTS_GIT\AIRDISPLAY\AIRDISPREMOTE\T5-NEITH\DUILIB\DEBUG\UISHADOW.OBJ
F:\PROJECTS_GIT\AIRDISPLAY\AIRDISPREMOTE\T5-NEITH\DUILIB\DEBUG\UISLIDER.OBJ
F:\PROJECTS_GIT\AIRDISPLAY\AIRDISPREMOTE\T5-NEITH\DUILIB\DEBUG\UISLIDETABLAYOUT.OBJ
F:\PROJECTS_GIT\AIRDISPLAY\AIRDISPREMOTE\T5-NEITH\DUILIB\DEBUG\UITABLAYOUT.OBJ
F:\PROJECTS_GIT\AIRDISPLAY\AIRDISPREMOTE\T5-NEITH\DUILIB\DEBUG\UITEXT.OBJ
F:\PROJECTS_GIT\AIRDISPLAY\AIRDISPREMOTE\T5-NEITH\DUILIB\DEBUG\UITILELAYOUT.OBJ
F:\PROJECTS_GIT\AIRDISPLAY\AIRDISPREMOTE\T5-NEITH\DUILIB\DEBUG\UITOUCHLIST.OBJ
F:\PROJECTS_GIT\AIRDISPLAY\AIRDISPREMOTE\T5-NEITH\DUILIB\DEBUG\UITREEVIEW.OBJ
F:\PROJECTS_GIT\AIRDISPLAY\AIRDISPREMOTE\T5-NEITH\DUILIB\DEBUG\UIVERTICALLAYOUT.OBJ
F:\PROJECTS_GIT\AIRDISPLAY\AIRDISPREMOTE\T5-NEITH\DUILIB\DEBUG\UIWEBBROWSER.OBJ
F:\PROJECTS_GIT\AIRDISPLAY\AIRDISPREMOTE\T5-NEITH\DUILIB\DEBUG\UTILS.OBJ
F:\Projects_Git\AirDisplay\AirDispRemote\t5-neith\duilib\Debug\vc100.idb
F:\PROJECTS_GIT\AIRDISPLAY\AIRDISPREMOTE\T5-NEITH\DUILIB\DEBUG\VC100.PDB
F:\PROJECTS_GIT\AIRDISPLAY\AIRDISPREMOTE\T5-NEITH\DUILIB\DEBUG\WINIMPLBASE.OBJ
