Build started 2019/5/10 14:37:53.
     1>Project "F:\Projects_Git\AirDisplay\AirDispRemote\t5-neith\duilib\DuiLib.vcxproj" on node 2 (build target(s)).
     1>InitializeBuildStatus:
         Touching "Debug\DuiLib.unsuccessfulbuild".
       ClCompile:
         All outputs are up-to-date.
         C:\Program Files (x86)\Microsoft Visual Studio 10.0\VC\bin\CL.exe /c /Zi /nologo /W3 /WX- /Od /Oy- /D WIN32 /D _DEBUG /D _WINDOWS /D UILIB_STATIC /D _VC80_UPGRADE=0x0600 /D _MBCS /Gm /EHsc /RTC1 /MDd /GS /fp:precise /Zc:wchar_t /Zc:forScope /Yu"stdafx.h" /Fp"Debug\DuiLib.pch" /Fo"Debug\\" /Fd"Debug\vc100.pdb" /Gd /TP /analyze- /errorReport:prompt Control\UIEdit.cpp Core\UIManager.cpp
         UIManager.cpp
     1>Core\UIManager.cpp(365): warning C4244: '=' : conversion from 'float' to 'LONG', possible loss of data
     1>Core\UIManager.cpp(366): warning C4244: '=' : conversion from 'float' to 'LONG', possible loss of data
     1>Core\UIManager.cpp(423): warning C4244: '=' : conversion from 'float' to 'LONG', possible loss of data
     1>Core\UIManager.cpp(424): warning C4244: '=' : conversion from 'float' to 'LONG', possible loss of data
     1>Core\UIManager.cpp(446): warning C4244: '=' : conversion from 'float' to 'LONG', possible loss of data
     1>Core\UIManager.cpp(447): warning C4244: '=' : conversion from 'float' to 'LONG', possible loss of data
     1>Core\UIManager.cpp(2101): error C2664: 'wcscat' : cannot convert parameter 1 from 'TCHAR [260]' to 'wchar_t *'
                 Types pointed to are unrelated; conversion requires reinterpret_cast, C-style cast or function-style cast
     1>Core\UIManager.cpp(2106): error C2664: 'Gdiplus::Image::Image(const WCHAR *,BOOL)' : cannot convert parameter 1 from 'const char *' to 'const WCHAR *'
                 Types pointed to are unrelated; conversion requires reinterpret_cast, C-style cast or function-style cast
         UIEdit.cpp
     1>Control\UIEdit.cpp(198): error C2440: '=' : cannot convert from 'LPTSTR' to 'LPCWSTR'
                 Types pointed to are unrelated; conversion requires reinterpret_cast, C-style cast or function-style cast
     1>Control\UIEdit.cpp(202): warning C4018: '>' : signed/unsigned mismatch
     1>Control\UIEdit.cpp(204): warning C4018: '<' : signed/unsigned mismatch
     1>Control\UIEdit.cpp(216): warning C4018: '<' : signed/unsigned mismatch
     1>Control\UIEdit.cpp(222): warning C4018: '>' : signed/unsigned mismatch
         Generating Code...
     1>Done Building Project "F:\Projects_Git\AirDisplay\AirDispRemote\t5-neith\duilib\DuiLib.vcxproj" (build target(s)) -- FAILED.

Build FAILED.

Time Elapsed 00:00:00.29
